2023-02-23 16:46:45.679  INFO 18036 --- [restartedMain] com.mysite.sbb.SbbApplication            : Starting SbbApplication using Java 17.0.6 with PID 18036 (C:\Users\hi\Documents\workspace-STS4\sbb\bin\main started by hi in C:\Users\hi\Documents\workspace-STS4\sbb)
2023-02-23 16:46:45.679  INFO 18036 --- [restartedMain] com.mysite.sbb.SbbApplication            : No active profile set, falling back to 1 default profile: "default"
2023-02-23 16:46:45.791  INFO 18036 --- [restartedMain] .s.d.r.c.RepositoryConfigurationDelegate : Bootstrapping Spring Data JPA repositories in DEFAULT mode.
2023-02-23 16:46:45.797  INFO 18036 --- [restartedMain] .s.d.r.c.RepositoryConfigurationDelegate : Finished Spring Data repository scanning in 6 ms. Found 3 JPA repository interfaces.
2023-02-23 16:46:45.881  INFO 18036 --- [restartedMain] o.s.b.w.embedded.tomcat.TomcatWebServer  : Tomcat initialized with port(s): 9696 (http)
2023-02-23 16:46:45.882  INFO 18036 --- [restartedMain] o.apache.catalina.core.StandardService   : Starting service [Tomcat]
2023-02-23 16:46:45.882  INFO 18036 --- [restartedMain] o.apache.catalina.core.StandardEngine    : Starting Servlet engine: [Apache Tomcat/10.1.5]
2023-02-23 16:46:45.893  INFO 18036 --- [restartedMain] o.a.c.c.C.[Tomcat].[localhost].[/]       : Initializing Spring embedded WebApplicationContext
2023-02-23 16:46:45.893  INFO 18036 --- [restartedMain] w.s.c.ServletWebServerApplicationContext : Root WebApplicationContext: initialization completed in 211 ms
2023-02-23 16:46:45.904  INFO 18036 --- [restartedMain] com.zaxxer.hikari.HikariDataSource       : HikariPool-3 - Starting...
2023-02-23 16:46:45.904  WARN 18036 --- [restartedMain] c.zaxxer.hikari.util.DriverDataSource    : Registered driver with driverClassName=oracle.jdbc.driver.OracleDriver was not found, trying direct instantiation.
2023-02-23 16:46:45.990  INFO 18036 --- [restartedMain] com.zaxxer.hikari.pool.HikariPool        : HikariPool-3 - Added connection oracle.jdbc.driver.T4CConnection@792f0bc5
2023-02-23 16:46:45.991  INFO 18036 --- [restartedMain] com.zaxxer.hikari.HikariDataSource       : HikariPool-3 - Start completed.
2023-02-23 16:46:45.991  INFO 18036 --- [restartedMain] o.s.b.a.h2.H2ConsoleAutoConfiguration    : H2 console available at '/h2-console'. Database available at 'jdbc:oracle:thin:@192.168.2.100:1521:xe'
2023-02-23 16:46:46.018  INFO 18036 --- [restartedMain] o.hibernate.jpa.internal.util.LogHelper  : HHH000204: Processing PersistenceUnitInfo [name: default]
2023-02-23 16:46:46.021  WARN 18036 --- [restartedMain] org.hibernate.orm.deprecation            : HHH90000021: Encountered deprecated setting [javax.persistence.sharedCache.mode], use [jakarta.persistence.sharedCache.mode] instead
2023-02-23 16:46:46.025  INFO 18036 --- [restartedMain] SQL dialect                              : HHH000400: Using dialect: org.hibernate.dialect.Oracle12cDialect
2023-02-23 16:46:46.026  WARN 18036 --- [restartedMain] org.hibernate.orm.deprecation            : HHH90000026: Oracle12cDialect has been deprecated; use org.hibernate.dialect.OracleDialect instead
2023-02-23 16:46:54.213  INFO 18036 --- [restartedMain] o.h.e.t.j.p.i.JtaPlatformInitiator       : HHH000490: Using JtaPlatform implementation: [org.hibernate.engine.transaction.jta.platform.internal.NoJtaPlatform]
2023-02-23 16:46:54.214  INFO 18036 --- [restartedMain] j.LocalContainerEntityManagerFactoryBean : Initialized JPA EntityManagerFactory for persistence unit 'default'
2023-02-23 16:46:54.262  WARN 18036 --- [restartedMain] ocalVariableTableParameterNameDiscoverer : Using deprecated '-debug' fallback for parameter name resolution. Compile the affected code with '-parameters' instead or avoid its introspection: com.mysite.sbb.question.QuestionRepository
2023-02-23 16:46:54.305  WARN 18036 --- [restartedMain] ocalVariableTableParameterNameDiscoverer : Using deprecated '-debug' fallback for parameter name resolution. Compile the affected code with '-parameters' instead or avoid its introspection: com.mysite.sbb.user.UserRepository
2023-02-23 16:46:54.331  WARN 18036 --- [restartedMain] JpaBaseConfiguration$JpaWebConfiguration : spring.jpa.open-in-view is enabled by default. Therefore, database queries may be performed during view rendering. Explicitly configure spring.jpa.open-in-view to disable this warning
2023-02-23 16:46:54.364  INFO 18036 --- [restartedMain] o.s.s.web.DefaultSecurityFilterChain     : Will secure any request with [org.springframework.security.web.session.DisableEncodeUrlFilter@4be2df7, org.springframework.security.web.context.request.async.WebAsyncManagerIntegrationFilter@2ed7e624, org.springframework.security.web.context.SecurityContextHolderFilter@30f2f32c, org.springframework.security.web.header.HeaderWriterFilter@482dfc5a, org.springframework.security.web.csrf.CsrfFilter@26c4287e, org.springframework.security.web.authentication.logout.LogoutFilter@6585af68, org.springframework.security.web.authentication.UsernamePasswordAuthenticationFilter@2b364acd, org.springframework.security.web.savedrequest.RequestCacheAwareFilter@37f2aa94, org.springframework.security.web.servletapi.SecurityContextHolderAwareRequestFilter@47251422, org.springframework.security.web.authentication.AnonymousAuthenticationFilter@3d98546a, org.springframework.security.web.access.ExceptionTranslationFilter@191d3747, org.springframework.security.web.access.intercept.AuthorizationFilter@bc303ef]
2023-02-23 16:46:54.418  INFO 18036 --- [restartedMain] o.s.b.a.w.s.WelcomePageHandlerMapping    : Adding welcome page template: index
2023-02-23 16:46:54.497  INFO 18036 --- [restartedMain] o.s.b.d.a.OptionalLiveReloadServer       : LiveReload server is running on port 35729
2023-02-23 16:46:54.507  INFO 18036 --- [restartedMain] o.s.b.w.embedded.tomcat.TomcatWebServer  : Tomcat started on port(s): 9696 (http) with context path ''
2023-02-23 16:46:54.510  INFO 18036 --- [restartedMain] com.mysite.sbb.SbbApplication            : Started SbbApplication in 8.863 seconds (process running for 4891.954)
2023-02-23 16:46:54.512  INFO 18036 --- [restartedMain] .ConditionEvaluationDeltaLoggingListener : Condition evaluation unchanged
2023-02-23 16:48:02.427  INFO 18036 --- [File Watcher] rtingClassPathChangeChangedEventListener : Restarting due to 1 class path change (0 additions, 0 deletions, 1 modification)
2023-02-23 16:48:02.439  INFO 18036 --- [Thread-29] o.apache.catalina.core.StandardService   : Stopping service [Tomcat]
2023-02-23 16:48:02.442  INFO 18036 --- [Thread-29] j.LocalContainerEntityManagerFactoryBean : Closing JPA EntityManagerFactory for persistence unit 'default'
2023-02-23 16:48:02.443  INFO 18036 --- [Thread-29] com.zaxxer.hikari.HikariDataSource       : HikariPool-3 - Shutdown initiated...
2023-02-23 16:48:02.463  INFO 18036 --- [Thread-29] com.zaxxer.hikari.HikariDataSource       : HikariPool-3 - Shutdown completed.
2023-02-23 16:48:02.529  INFO 18036 --- [restartedMain] com.mysite.sbb.SbbApplication            : Starting SbbApplication using Java 17.0.6 with PID 18036 (C:\Users\hi\Documents\workspace-STS4\sbb\bin\main started by hi in C:\Users\hi\Documents\workspace-STS4\sbb)
2023-02-23 16:48:02.530  INFO 18036 --- [restartedMain] com.mysite.sbb.SbbApplication            : No active profile set, falling back to 1 default profile: "default"
2023-02-23 16:48:02.626  INFO 18036 --- [restartedMain] .s.d.r.c.RepositoryConfigurationDelegate : Bootstrapping Spring Data JPA repositories in DEFAULT mode.
2023-02-23 16:48:02.634  INFO 18036 --- [restartedMain] .s.d.r.c.RepositoryConfigurationDelegate : Finished Spring Data repository scanning in 6 ms. Found 3 JPA repository interfaces.
2023-02-23 16:48:02.697  INFO 18036 --- [restartedMain] o.s.b.w.embedded.tomcat.TomcatWebServer  : Tomcat initialized with port(s): 9696 (http)
2023-02-23 16:48:02.699  INFO 18036 --- [restartedMain] o.apache.catalina.core.StandardService   : Starting service [Tomcat]
2023-02-23 16:48:02.699  INFO 18036 --- [restartedMain] o.apache.catalina.core.StandardEngine    : Starting Servlet engine: [Apache Tomcat/10.1.5]
2023-02-23 16:48:02.709  INFO 18036 --- [restartedMain] o.a.c.c.C.[Tomcat].[localhost].[/]       : Initializing Spring embedded WebApplicationContext
2023-02-23 16:48:02.709  INFO 18036 --- [restartedMain] w.s.c.ServletWebServerApplicationContext : Root WebApplicationContext: initialization completed in 179 ms
2023-02-23 16:48:02.719  INFO 18036 --- [restartedMain] com.zaxxer.hikari.HikariDataSource       : HikariPool-4 - Starting...
2023-02-23 16:48:02.719  WARN 18036 --- [restartedMain] c.zaxxer.hikari.util.DriverDataSource    : Registered driver with driverClassName=oracle.jdbc.driver.OracleDriver was not found, trying direct instantiation.
2023-02-23 16:48:02.750  INFO 18036 --- [restartedMain] com.zaxxer.hikari.pool.HikariPool        : HikariPool-4 - Added connection oracle.jdbc.driver.T4CConnection@584d7941
2023-02-23 16:48:02.750  INFO 18036 --- [restartedMain] com.zaxxer.hikari.HikariDataSource       : HikariPool-4 - Start completed.
2023-02-23 16:48:02.750  INFO 18036 --- [restartedMain] o.s.b.a.h2.H2ConsoleAutoConfiguration    : H2 console available at '/h2-console'. Database available at 'jdbc:oracle:thin:@192.168.2.100:1521:xe'
2023-02-23 16:48:02.775  INFO 18036 --- [restartedMain] o.hibernate.jpa.internal.util.LogHelper  : HHH000204: Processing PersistenceUnitInfo [name: default]
2023-02-23 16:48:02.777  WARN 18036 --- [restartedMain] org.hibernate.orm.deprecation            : HHH90000021: Encountered deprecated setting [javax.persistence.sharedCache.mode], use [jakarta.persistence.sharedCache.mode] instead
2023-02-23 16:48:02.780  INFO 18036 --- [restartedMain] SQL dialect                              : HHH000400: Using dialect: org.hibernate.dialect.Oracle12cDialect
2023-02-23 16:48:02.780  WARN 18036 --- [restartedMain] org.hibernate.orm.deprecation            : HHH90000026: Oracle12cDialect has been deprecated; use org.hibernate.dialect.OracleDialect instead
2023-02-23 16:48:06.198  INFO 18036 --- [restartedMain] o.h.e.t.j.p.i.JtaPlatformInitiator       : HHH000490: Using JtaPlatform implementation: [org.hibernate.engine.transaction.jta.platform.internal.NoJtaPlatform]
2023-02-23 16:48:06.199  INFO 18036 --- [restartedMain] j.LocalContainerEntityManagerFactoryBean : Initialized JPA EntityManagerFactory for persistence unit 'default'
2023-02-23 16:48:06.244  WARN 18036 --- [restartedMain] ocalVariableTableParameterNameDiscoverer : Using deprecated '-debug' fallback for parameter name resolution. Compile the affected code with '-parameters' instead or avoid its introspection: com.mysite.sbb.question.QuestionRepository
2023-02-23 16:48:06.281  WARN 18036 --- [restartedMain] ocalVariableTableParameterNameDiscoverer : Using deprecated '-debug' fallback for parameter name resolution. Compile the affected code with '-parameters' instead or avoid its introspection: com.mysite.sbb.user.UserRepository
2023-02-23 16:48:06.307  WARN 18036 --- [restartedMain] JpaBaseConfiguration$JpaWebConfiguration : spring.jpa.open-in-view is enabled by default. Therefore, database queries may be performed during view rendering. Explicitly configure spring.jpa.open-in-view to disable this warning
2023-02-23 16:48:06.336  INFO 18036 --- [restartedMain] o.s.s.web.DefaultSecurityFilterChain     : Will secure any request with [org.springframework.security.web.session.DisableEncodeUrlFilter@31abf087, org.springframework.security.web.context.request.async.WebAsyncManagerIntegrationFilter@3737c70e, org.springframework.security.web.context.SecurityContextHolderFilter@2a1d03de, org.springframework.security.web.header.HeaderWriterFilter@2bb82ca8, org.springframework.security.web.csrf.CsrfFilter@721bfd47, org.springframework.security.web.authentication.logout.LogoutFilter@1cdd0b59, org.springframework.security.web.authentication.UsernamePasswordAuthenticationFilter@45d8bca6, org.springframework.security.web.savedrequest.RequestCacheAwareFilter@741221f, org.springframework.security.web.servletapi.SecurityContextHolderAwareRequestFilter@34ab57f6, org.springframework.security.web.authentication.AnonymousAuthenticationFilter@8e279ec, org.springframework.security.web.access.ExceptionTranslationFilter@7178442d, org.springframework.security.web.access.intercept.AuthorizationFilter@7c787246]
2023-02-23 16:48:06.385  INFO 18036 --- [restartedMain] o.s.b.a.w.s.WelcomePageHandlerMapping    : Adding welcome page template: index
2023-02-23 16:48:06.455  INFO 18036 --- [restartedMain] o.s.b.d.a.OptionalLiveReloadServer       : LiveReload server is running on port 35729
2023-02-23 16:48:06.463  INFO 18036 --- [restartedMain] o.s.b.w.embedded.tomcat.TomcatWebServer  : Tomcat started on port(s): 9696 (http) with context path ''
2023-02-23 16:48:06.466  INFO 18036 --- [restartedMain] com.mysite.sbb.SbbApplication            : Started SbbApplication in 3.953 seconds (process running for 4963.909)
2023-02-23 16:48:06.467  INFO 18036 --- [restartedMain] .ConditionEvaluationDeltaLoggingListener : Condition evaluation unchanged
2023-02-23 16:48:15.931  INFO 18036 --- [File Watcher] rtingClassPathChangeChangedEventListener : Restarting due to 1 class path change (0 additions, 0 deletions, 1 modification)
2023-02-23 16:48:15.941  INFO 18036 --- [Thread-34] o.apache.catalina.core.StandardService   : Stopping service [Tomcat]
2023-02-23 16:48:15.945  INFO 18036 --- [Thread-34] j.LocalContainerEntityManagerFactoryBean : Closing JPA EntityManagerFactory for persistence unit 'default'
2023-02-23 16:48:15.945  INFO 18036 --- [Thread-34] com.zaxxer.hikari.HikariDataSource       : HikariPool-4 - Shutdown initiated...
2023-02-23 16:48:15.963  INFO 18036 --- [Thread-34] com.zaxxer.hikari.HikariDataSource       : HikariPool-4 - Shutdown completed.
2023-02-23 16:48:16.026  INFO 18036 --- [restartedMain] com.mysite.sbb.SbbApplication            : Starting SbbApplication using Java 17.0.6 with PID 18036 (C:\Users\hi\Documents\workspace-STS4\sbb\bin\main started by hi in C:\Users\hi\Documents\workspace-STS4\sbb)
2023-02-23 16:48:16.027  INFO 18036 --- [restartedMain] com.mysite.sbb.SbbApplication            : No active profile set, falling back to 1 default profile: "default"
2023-02-23 16:48:16.121  INFO 18036 --- [restartedMain] .s.d.r.c.RepositoryConfigurationDelegate : Bootstrapping Spring Data JPA repositories in DEFAULT mode.
2023-02-23 16:48:16.127  INFO 18036 --- [restartedMain] .s.d.r.c.RepositoryConfigurationDelegate : Finished Spring Data repository scanning in 6 ms. Found 3 JPA repository interfaces.
2023-02-23 16:48:16.189  INFO 18036 --- [restartedMain] o.s.b.w.embedded.tomcat.TomcatWebServer  : Tomcat initialized with port(s): 9696 (http)
2023-02-23 16:48:16.190  INFO 18036 --- [restartedMain] o.apache.catalina.core.StandardService   : Starting service [Tomcat]
2023-02-23 16:48:16.190  INFO 18036 --- [restartedMain] o.apache.catalina.core.StandardEngine    : Starting Servlet engine: [Apache Tomcat/10.1.5]
2023-02-23 16:48:16.200  INFO 18036 --- [restartedMain] o.a.c.c.C.[Tomcat].[localhost].[/]       : Initializing Spring embedded WebApplicationContext
2023-02-23 16:48:16.200  INFO 18036 --- [restartedMain] w.s.c.ServletWebServerApplicationContext : Root WebApplicationContext: initialization completed in 173 ms
2023-02-23 16:48:16.209  INFO 18036 --- [restartedMain] com.zaxxer.hikari.HikariDataSource       : HikariPool-5 - Starting...
2023-02-23 16:48:16.209  WARN 18036 --- [restartedMain] c.zaxxer.hikari.util.DriverDataSource    : Registered driver with driverClassName=oracle.jdbc.driver.OracleDriver was not found, trying direct instantiation.
2023-02-23 16:48:16.242  INFO 18036 --- [restartedMain] com.zaxxer.hikari.pool.HikariPool        : HikariPool-5 - Added connection oracle.jdbc.driver.T4CConnection@5deea65c
2023-02-23 16:48:16.242  INFO 18036 --- [restartedMain] com.zaxxer.hikari.HikariDataSource       : HikariPool-5 - Start completed.
2023-02-23 16:48:16.242  INFO 18036 --- [restartedMain] o.s.b.a.h2.H2ConsoleAutoConfiguration    : H2 console available at '/h2-console'. Database available at 'jdbc:oracle:thin:@192.168.2.100:1521:xe'
2023-02-23 16:48:16.264  INFO 18036 --- [restartedMain] o.hibernate.jpa.internal.util.LogHelper  : HHH000204: Processing PersistenceUnitInfo [name: default]
2023-02-23 16:48:16.266  WARN 18036 --- [restartedMain] org.hibernate.orm.deprecation            : HHH90000021: Encountered deprecated setting [javax.persistence.sharedCache.mode], use [jakarta.persistence.sharedCache.mode] instead
2023-02-23 16:48:16.270  INFO 18036 --- [restartedMain] SQL dialect                              : HHH000400: Using dialect: org.hibernate.dialect.Oracle12cDialect
2023-02-23 16:48:16.270  WARN 18036 --- [restartedMain] org.hibernate.orm.deprecation            : HHH90000026: Oracle12cDialect has been deprecated; use org.hibernate.dialect.OracleDialect instead
2023-02-23 16:48:19.597  INFO 18036 --- [restartedMain] o.h.e.t.j.p.i.JtaPlatformInitiator       : HHH000490: Using JtaPlatform implementation: [org.hibernate.engine.transaction.jta.platform.internal.NoJtaPlatform]
2023-02-23 16:48:19.599  INFO 18036 --- [restartedMain] j.LocalContainerEntityManagerFactoryBean : Initialized JPA EntityManagerFactory for persistence unit 'default'
2023-02-23 16:48:19.646  WARN 18036 --- [restartedMain] ocalVariableTableParameterNameDiscoverer : Using deprecated '-debug' fallback for parameter name resolution. Compile the affected code with '-parameters' instead or avoid its introspection: com.mysite.sbb.question.QuestionRepository
2023-02-23 16:48:19.703  WARN 18036 --- [restartedMain] ocalVariableTableParameterNameDiscoverer : Using deprecated '-debug' fallback for parameter name resolution. Compile the affected code with '-parameters' instead or avoid its introspection: com.mysite.sbb.user.UserRepository
2023-02-23 16:48:19.740  WARN 18036 --- [restartedMain] JpaBaseConfiguration$JpaWebConfiguration : spring.jpa.open-in-view is enabled by default. Therefore, database queries may be performed during view rendering. Explicitly configure spring.jpa.open-in-view to disable this warning
2023-02-23 16:48:19.768  INFO 18036 --- [restartedMain] o.s.s.web.DefaultSecurityFilterChain     : Will secure any request with [org.springframework.security.web.session.DisableEncodeUrlFilter@400cfb43, org.springframework.security.web.context.request.async.WebAsyncManagerIntegrationFilter@14e61b3b, org.springframework.security.web.context.SecurityContextHolderFilter@31e2d8f7, org.springframework.security.web.header.HeaderWriterFilter@3dcb5bfc, org.springframework.security.web.csrf.CsrfFilter@521b7540, org.springframework.security.web.authentication.logout.LogoutFilter@412a510e, org.springframework.security.web.authentication.UsernamePasswordAuthenticationFilter@53bd621b, org.springframework.security.web.savedrequest.RequestCacheAwareFilter@38da1afe, org.springframework.security.web.servletapi.SecurityContextHolderAwareRequestFilter@15bb730, org.springframework.security.web.authentication.AnonymousAuthenticationFilter@6a99ee50, org.springframework.security.web.access.ExceptionTranslationFilter@68ea3a57, org.springframework.security.web.access.intercept.AuthorizationFilter@75716e11]
2023-02-23 16:48:19.818  INFO 18036 --- [restartedMain] o.s.b.a.w.s.WelcomePageHandlerMapping    : Adding welcome page template: index
2023-02-23 16:48:19.891  INFO 18036 --- [restartedMain] o.s.b.d.a.OptionalLiveReloadServer       : LiveReload server is running on port 35729
2023-02-23 16:48:19.898  INFO 18036 --- [restartedMain] o.s.b.w.embedded.tomcat.TomcatWebServer  : Tomcat started on port(s): 9696 (http) with context path ''
2023-02-23 16:48:19.902  INFO 18036 --- [restartedMain] com.mysite.sbb.SbbApplication            : Started SbbApplication in 3.892 seconds (process running for 4977.345)
2023-02-23 16:48:19.903  INFO 18036 --- [restartedMain] .ConditionEvaluationDeltaLoggingListener : Condition evaluation unchanged
2023-02-23 16:48:22.315  INFO 18036 --- [File Watcher] rtingClassPathChangeChangedEventListener : Restarting due to 1 class path change (0 additions, 0 deletions, 1 modification)
2023-02-23 16:48:22.327  INFO 18036 --- [Thread-39] o.apache.catalina.core.StandardService   : Stopping service [Tomcat]
2023-02-23 16:48:22.329  INFO 18036 --- [Thread-39] j.LocalContainerEntityManagerFactoryBean : Closing JPA EntityManagerFactory for persistence unit 'default'
2023-02-23 16:48:22.329  INFO 18036 --- [Thread-39] com.zaxxer.hikari.HikariDataSource       : HikariPool-5 - Shutdown initiated...
2023-02-23 16:48:22.350  INFO 18036 --- [Thread-39] com.zaxxer.hikari.HikariDataSource       : HikariPool-5 - Shutdown completed.
2023-02-23 16:48:22.411  INFO 18036 --- [restartedMain] com.mysite.sbb.SbbApplication            : Starting SbbApplication using Java 17.0.6 with PID 18036 (C:\Users\hi\Documents\workspace-STS4\sbb\bin\main started by hi in C:\Users\hi\Documents\workspace-STS4\sbb)
2023-02-23 16:48:22.412  INFO 18036 --- [restartedMain] com.mysite.sbb.SbbApplication            : No active profile set, falling back to 1 default profile: "default"
2023-02-23 16:48:22.510  INFO 18036 --- [restartedMain] .s.d.r.c.RepositoryConfigurationDelegate : Bootstrapping Spring Data JPA repositories in DEFAULT mode.
2023-02-23 16:48:22.516  INFO 18036 --- [restartedMain] .s.d.r.c.RepositoryConfigurationDelegate : Finished Spring Data repository scanning in 6 ms. Found 3 JPA repository interfaces.
2023-02-23 16:48:22.585  INFO 18036 --- [restartedMain] o.s.b.w.embedded.tomcat.TomcatWebServer  : Tomcat initialized with port(s): 9696 (http)
2023-02-23 16:48:22.586  INFO 18036 --- [restartedMain] o.apache.catalina.core.StandardService   : Starting service [Tomcat]
2023-02-23 16:48:22.586  INFO 18036 --- [restartedMain] o.apache.catalina.core.StandardEngine    : Starting Servlet engine: [Apache Tomcat/10.1.5]
2023-02-23 16:48:22.596  INFO 18036 --- [restartedMain] o.a.c.c.C.[Tomcat].[localhost].[/]       : Initializing Spring embedded WebApplicationContext
2023-02-23 16:48:22.596  INFO 18036 --- [restartedMain] w.s.c.ServletWebServerApplicationContext : Root WebApplicationContext: initialization completed in 184 ms
2023-02-23 16:48:22.607  INFO 18036 --- [restartedMain] com.zaxxer.hikari.HikariDataSource       : HikariPool-6 - Starting...
2023-02-23 16:48:22.607  WARN 18036 --- [restartedMain] c.zaxxer.hikari.util.DriverDataSource    : Registered driver with driverClassName=oracle.jdbc.driver.OracleDriver was not found, trying direct instantiation.
2023-02-23 16:48:22.642  INFO 18036 --- [restartedMain] com.zaxxer.hikari.pool.HikariPool        : HikariPool-6 - Added connection oracle.jdbc.driver.T4CConnection@1cd3f3c4
2023-02-23 16:48:22.642  INFO 18036 --- [restartedMain] com.zaxxer.hikari.HikariDataSource       : HikariPool-6 - Start completed.
2023-02-23 16:48:22.642  INFO 18036 --- [restartedMain] o.s.b.a.h2.H2ConsoleAutoConfiguration    : H2 console available at '/h2-console'. Database available at 'jdbc:oracle:thin:@192.168.2.100:1521:xe'
2023-02-23 16:48:22.665  INFO 18036 --- [restartedMain] o.hibernate.jpa.internal.util.LogHelper  : HHH000204: Processing PersistenceUnitInfo [name: default]
2023-02-23 16:48:22.668  WARN 18036 --- [restartedMain] org.hibernate.orm.deprecation            : HHH90000021: Encountered deprecated setting [javax.persistence.sharedCache.mode], use [jakarta.persistence.sharedCache.mode] instead
2023-02-23 16:48:22.671  INFO 18036 --- [restartedMain] SQL dialect                              : HHH000400: Using dialect: org.hibernate.dialect.Oracle12cDialect
2023-02-23 16:48:22.671  WARN 18036 --- [restartedMain] org.hibernate.orm.deprecation            : HHH90000026: Oracle12cDialect has been deprecated; use org.hibernate.dialect.OracleDialect instead
2023-02-23 16:48:25.994  INFO 18036 --- [restartedMain] o.h.e.t.j.p.i.JtaPlatformInitiator       : HHH000490: Using JtaPlatform implementation: [org.hibernate.engine.transaction.jta.platform.internal.NoJtaPlatform]
2023-02-23 16:48:25.995  INFO 18036 --- [restartedMain] j.LocalContainerEntityManagerFactoryBean : Initialized JPA EntityManagerFactory for persistence unit 'default'
2023-02-23 16:48:26.042  WARN 18036 --- [restartedMain] ocalVariableTableParameterNameDiscoverer : Using deprecated '-debug' fallback for parameter name resolution. Compile the affected code with '-parameters' instead or avoid its introspection: com.mysite.sbb.question.QuestionRepository
2023-02-23 16:48:26.079  WARN 18036 --- [restartedMain] ocalVariableTableParameterNameDiscoverer : Using deprecated '-debug' fallback for parameter name resolution. Compile the affected code with '-parameters' instead or avoid its introspection: com.mysite.sbb.user.UserRepository
2023-02-23 16:48:26.106  WARN 18036 --- [restartedMain] JpaBaseConfiguration$JpaWebConfiguration : spring.jpa.open-in-view is enabled by default. Therefore, database queries may be performed during view rendering. Explicitly configure spring.jpa.open-in-view to disable this warning
2023-02-23 16:48:26.135  INFO 18036 --- [restartedMain] o.s.s.web.DefaultSecurityFilterChain     : Will secure any request with [org.springframework.security.web.session.DisableEncodeUrlFilter@a62788, org.springframework.security.web.context.request.async.WebAsyncManagerIntegrationFilter@62b1fee1, org.springframework.security.web.context.SecurityContextHolderFilter@3f7d8a98, org.springframework.security.web.header.HeaderWriterFilter@70ca82fa, org.springframework.security.web.csrf.CsrfFilter@749a6157, org.springframework.security.web.authentication.logout.LogoutFilter@15f4c71a, org.springframework.security.web.authentication.UsernamePasswordAuthenticationFilter@33d9fafe, org.springframework.security.web.savedrequest.RequestCacheAwareFilter@184ad4f9, org.springframework.security.web.servletapi.SecurityContextHolderAwareRequestFilter@62f73fef, org.springframework.security.web.authentication.AnonymousAuthenticationFilter@41121a5c, org.springframework.security.web.access.ExceptionTranslationFilter@2b3a2fb0, org.springframework.security.web.access.intercept.AuthorizationFilter@47083]
2023-02-23 16:48:26.184  INFO 18036 --- [restartedMain] o.s.b.a.w.s.WelcomePageHandlerMapping    : Adding welcome page template: index
2023-02-23 16:48:26.251  INFO 18036 --- [restartedMain] o.s.b.d.a.OptionalLiveReloadServer       : LiveReload server is running on port 35729
2023-02-23 16:48:26.260  INFO 18036 --- [restartedMain] o.s.b.w.embedded.tomcat.TomcatWebServer  : Tomcat started on port(s): 9696 (http) with context path ''
2023-02-23 16:48:26.263  INFO 18036 --- [restartedMain] com.mysite.sbb.SbbApplication            : Started SbbApplication in 3.866 seconds (process running for 4983.706)
2023-02-23 16:48:26.264  INFO 18036 --- [restartedMain] .ConditionEvaluationDeltaLoggingListener : Condition evaluation unchanged
2023-02-23 16:48:54.882  INFO 18036 --- [File Watcher] rtingClassPathChangeChangedEventListener : Restarting due to 1 class path change (0 additions, 0 deletions, 1 modification)
2023-02-23 16:48:54.894  INFO 18036 --- [Thread-44] o.apache.catalina.core.StandardService   : Stopping service [Tomcat]
2023-02-23 16:48:54.896  INFO 18036 --- [Thread-44] j.LocalContainerEntityManagerFactoryBean : Closing JPA EntityManagerFactory for persistence unit 'default'
2023-02-23 16:48:54.897  INFO 18036 --- [Thread-44] com.zaxxer.hikari.HikariDataSource       : HikariPool-6 - Shutdown initiated...
2023-02-23 16:48:54.922  INFO 18036 --- [Thread-44] com.zaxxer.hikari.HikariDataSource       : HikariPool-6 - Shutdown completed.
2023-02-23 16:48:54.983  INFO 18036 --- [restartedMain] com.mysite.sbb.SbbApplication            : Starting SbbApplication using Java 17.0.6 with PID 18036 (C:\Users\hi\Documents\workspace-STS4\sbb\bin\main started by hi in C:\Users\hi\Documents\workspace-STS4\sbb)
2023-02-23 16:48:54.983  INFO 18036 --- [restartedMain] com.mysite.sbb.SbbApplication            : No active profile set, falling back to 1 default profile: "default"
2023-02-23 16:48:55.079  INFO 18036 --- [restartedMain] .s.d.r.c.RepositoryConfigurationDelegate : Bootstrapping Spring Data JPA repositories in DEFAULT mode.
2023-02-23 16:48:55.085  INFO 18036 --- [restartedMain] .s.d.r.c.RepositoryConfigurationDelegate : Finished Spring Data repository scanning in 6 ms. Found 3 JPA repository interfaces.
2023-02-23 16:48:55.151  INFO 18036 --- [restartedMain] o.s.b.w.embedded.tomcat.TomcatWebServer  : Tomcat initialized with port(s): 9696 (http)
2023-02-23 16:48:55.153  INFO 18036 --- [restartedMain] o.apache.catalina.core.StandardService   : Starting service [Tomcat]
2023-02-23 16:48:55.153  INFO 18036 --- [restartedMain] o.apache.catalina.core.StandardEngine    : Starting Servlet engine: [Apache Tomcat/10.1.5]
2023-02-23 16:48:55.164  INFO 18036 --- [restartedMain] o.a.c.c.C.[Tomcat].[localhost].[/]       : Initializing Spring embedded WebApplicationContext
2023-02-23 16:48:55.164  INFO 18036 --- [restartedMain] w.s.c.ServletWebServerApplicationContext : Root WebApplicationContext: initialization completed in 180 ms
2023-02-23 16:48:55.173  INFO 18036 --- [restartedMain] com.zaxxer.hikari.HikariDataSource       : HikariPool-7 - Starting...
2023-02-23 16:48:55.174  WARN 18036 --- [restartedMain] c.zaxxer.hikari.util.DriverDataSource    : Registered driver with driverClassName=oracle.jdbc.driver.OracleDriver was not found, trying direct instantiation.
2023-02-23 16:48:55.208  INFO 18036 --- [restartedMain] com.zaxxer.hikari.pool.HikariPool        : HikariPool-7 - Added connection oracle.jdbc.driver.T4CConnection@4a6d8cbd
2023-02-23 16:48:55.208  INFO 18036 --- [restartedMain] com.zaxxer.hikari.HikariDataSource       : HikariPool-7 - Start completed.
2023-02-23 16:48:55.209  INFO 18036 --- [restartedMain] o.s.b.a.h2.H2ConsoleAutoConfiguration    : H2 console available at '/h2-console'. Database available at 'jdbc:oracle:thin:@192.168.2.100:1521:xe'
2023-02-23 16:48:55.232  INFO 18036 --- [restartedMain] o.hibernate.jpa.internal.util.LogHelper  : HHH000204: Processing PersistenceUnitInfo [name: default]
2023-02-23 16:48:55.233  WARN 18036 --- [restartedMain] org.hibernate.orm.deprecation            : HHH90000021: Encountered deprecated setting [javax.persistence.sharedCache.mode], use [jakarta.persistence.sharedCache.mode] instead
2023-02-23 16:48:55.237  INFO 18036 --- [restartedMain] SQL dialect                              : HHH000400: Using dialect: org.hibernate.dialect.Oracle12cDialect
2023-02-23 16:48:55.237  WARN 18036 --- [restartedMain] org.hibernate.orm.deprecation            : HHH90000026: Oracle12cDialect has been deprecated; use org.hibernate.dialect.OracleDialect instead
2023-02-23 16:48:58.572  INFO 18036 --- [restartedMain] o.h.e.t.j.p.i.JtaPlatformInitiator       : HHH000490: Using JtaPlatform implementation: [org.hibernate.engine.transaction.jta.platform.internal.NoJtaPlatform]
2023-02-23 16:48:58.574  INFO 18036 --- [restartedMain] j.LocalContainerEntityManagerFactoryBean : Initialized JPA EntityManagerFactory for persistence unit 'default'
2023-02-23 16:48:58.616  WARN 18036 --- [restartedMain] ocalVariableTableParameterNameDiscoverer : Using deprecated '-debug' fallback for parameter name resolution. Compile the affected code with '-parameters' instead or avoid its introspection: com.mysite.sbb.question.QuestionRepository
2023-02-23 16:48:58.657  WARN 18036 --- [restartedMain] ocalVariableTableParameterNameDiscoverer : Using deprecated '-debug' fallback for parameter name resolution. Compile the affected code with '-parameters' instead or avoid its introspection: com.mysite.sbb.user.UserRepository
2023-02-23 16:48:58.679  WARN 18036 --- [restartedMain] JpaBaseConfiguration$JpaWebConfiguration : spring.jpa.open-in-view is enabled by default. Therefore, database queries may be performed during view rendering. Explicitly configure spring.jpa.open-in-view to disable this warning
2023-02-23 16:48:58.709  INFO 18036 --- [restartedMain] o.s.s.web.DefaultSecurityFilterChain     : Will secure any request with [org.springframework.security.web.session.DisableEncodeUrlFilter@33a49408, org.springframework.security.web.context.request.async.WebAsyncManagerIntegrationFilter@5cf4a202, org.springframework.security.web.context.SecurityContextHolderFilter@54072843, org.springframework.security.web.header.HeaderWriterFilter@217925f3, org.springframework.security.web.csrf.CsrfFilter@1e179a02, org.springframework.security.web.authentication.logout.LogoutFilter@2ef93dc2, org.springframework.security.web.authentication.UsernamePasswordAuthenticationFilter@5454b46d, org.springframework.security.web.savedrequest.RequestCacheAwareFilter@76627f4b, org.springframework.security.web.servletapi.SecurityContextHolderAwareRequestFilter@2b6faef8, org.springframework.security.web.authentication.AnonymousAuthenticationFilter@163067db, org.springframework.security.web.access.ExceptionTranslationFilter@1ab8f70, org.springframework.security.web.access.intercept.AuthorizationFilter@1dcaf887]
2023-02-23 16:48:58.758  INFO 18036 --- [restartedMain] o.s.b.a.w.s.WelcomePageHandlerMapping    : Adding welcome page template: index
2023-02-23 16:48:58.825  INFO 18036 --- [restartedMain] o.s.b.d.a.OptionalLiveReloadServer       : LiveReload server is running on port 35729
2023-02-23 16:48:58.833  INFO 18036 --- [restartedMain] o.s.b.w.embedded.tomcat.TomcatWebServer  : Tomcat started on port(s): 9696 (http) with context path ''
2023-02-23 16:48:58.836  INFO 18036 --- [restartedMain] com.mysite.sbb.SbbApplication            : Started SbbApplication in 3.867 seconds (process running for 5016.279)
2023-02-23 16:48:58.836  INFO 18036 --- [restartedMain] .ConditionEvaluationDeltaLoggingListener : Condition evaluation unchanged
2023-02-23 16:49:02.255  INFO 18036 --- [File Watcher] rtingClassPathChangeChangedEventListener : Restarting due to 1 class path change (0 additions, 0 deletions, 1 modification)
2023-02-23 16:49:02.266  INFO 18036 --- [Thread-49] o.apache.catalina.core.StandardService   : Stopping service [Tomcat]
2023-02-23 16:49:02.269  INFO 18036 --- [Thread-49] j.LocalContainerEntityManagerFactoryBean : Closing JPA EntityManagerFactory for persistence unit 'default'
2023-02-23 16:49:02.269  INFO 18036 --- [Thread-49] com.zaxxer.hikari.HikariDataSource       : HikariPool-7 - Shutdown initiated...
2023-02-23 16:49:02.285  INFO 18036 --- [Thread-49] com.zaxxer.hikari.HikariDataSource       : HikariPool-7 - Shutdown completed.
2023-02-23 16:49:02.348  INFO 18036 --- [restartedMain] com.mysite.sbb.SbbApplication            : Starting SbbApplication using Java 17.0.6 with PID 18036 (C:\Users\hi\Documents\workspace-STS4\sbb\bin\main started by hi in C:\Users\hi\Documents\workspace-STS4\sbb)
2023-02-23 16:49:02.348  INFO 18036 --- [restartedMain] com.mysite.sbb.SbbApplication            : No active profile set, falling back to 1 default profile: "default"
2023-02-23 16:49:02.443  INFO 18036 --- [restartedMain] .s.d.r.c.RepositoryConfigurationDelegate : Bootstrapping Spring Data JPA repositories in DEFAULT mode.
2023-02-23 16:49:02.449  INFO 18036 --- [restartedMain] .s.d.r.c.RepositoryConfigurationDelegate : Finished Spring Data repository scanning in 5 ms. Found 3 JPA repository interfaces.
2023-02-23 16:49:02.515  INFO 18036 --- [restartedMain] o.s.b.w.embedded.tomcat.TomcatWebServer  : Tomcat initialized with port(s): 9696 (http)
2023-02-23 16:49:02.515  INFO 18036 --- [restartedMain] o.apache.catalina.core.StandardService   : Starting service [Tomcat]
2023-02-23 16:49:02.515  INFO 18036 --- [restartedMain] o.apache.catalina.core.StandardEngine    : Starting Servlet engine: [Apache Tomcat/10.1.5]
2023-02-23 16:49:02.528  INFO 18036 --- [restartedMain] o.a.c.c.C.[Tomcat].[localhost].[/]       : Initializing Spring embedded WebApplicationContext
2023-02-23 16:49:02.528  INFO 18036 --- [restartedMain] w.s.c.ServletWebServerApplicationContext : Root WebApplicationContext: initialization completed in 180 ms
2023-02-23 16:49:02.537  INFO 18036 --- [restartedMain] com.zaxxer.hikari.HikariDataSource       : HikariPool-8 - Starting...
2023-02-23 16:49:02.537  WARN 18036 --- [restartedMain] c.zaxxer.hikari.util.DriverDataSource    : Registered driver with driverClassName=oracle.jdbc.driver.OracleDriver was not found, trying direct instantiation.
2023-02-23 16:49:02.571  INFO 18036 --- [restartedMain] com.zaxxer.hikari.pool.HikariPool        : HikariPool-8 - Added connection oracle.jdbc.driver.T4CConnection@37f2a957
2023-02-23 16:49:02.571  INFO 18036 --- [restartedMain] com.zaxxer.hikari.HikariDataSource       : HikariPool-8 - Start completed.
2023-02-23 16:49:02.571  INFO 18036 --- [restartedMain] o.s.b.a.h2.H2ConsoleAutoConfiguration    : H2 console available at '/h2-console'. Database available at 'jdbc:oracle:thin:@192.168.2.100:1521:xe'
2023-02-23 16:49:02.594  INFO 18036 --- [restartedMain] o.hibernate.jpa.internal.util.LogHelper  : HHH000204: Processing PersistenceUnitInfo [name: default]
2023-02-23 16:49:02.595  WARN 18036 --- [restartedMain] org.hibernate.orm.deprecation            : HHH90000021: Encountered deprecated setting [javax.persistence.sharedCache.mode], use [jakarta.persistence.sharedCache.mode] instead
2023-02-23 16:49:02.597  INFO 18036 --- [restartedMain] SQL dialect                              : HHH000400: Using dialect: org.hibernate.dialect.Oracle12cDialect
2023-02-23 16:49:02.597  WARN 18036 --- [restartedMain] org.hibernate.orm.deprecation            : HHH90000026: Oracle12cDialect has been deprecated; use org.hibernate.dialect.OracleDialect instead
2023-02-23 16:49:05.980  INFO 18036 --- [restartedMain] o.h.e.t.j.p.i.JtaPlatformInitiator       : HHH000490: Using JtaPlatform implementation: [org.hibernate.engine.transaction.jta.platform.internal.NoJtaPlatform]
2023-02-23 16:49:05.980  INFO 18036 --- [restartedMain] j.LocalContainerEntityManagerFactoryBean : Initialized JPA EntityManagerFactory for persistence unit 'default'
2023-02-23 16:49:06.024  WARN 18036 --- [restartedMain] ocalVariableTableParameterNameDiscoverer : Using deprecated '-debug' fallback for parameter name resolution. Compile the affected code with '-parameters' instead or avoid its introspection: com.mysite.sbb.question.QuestionRepository
2023-02-23 16:49:06.061  WARN 18036 --- [restartedMain] ocalVariableTableParameterNameDiscoverer : Using deprecated '-debug' fallback for parameter name resolution. Compile the affected code with '-parameters' instead or avoid its introspection: com.mysite.sbb.user.UserRepository
2023-02-23 16:49:06.087  WARN 18036 --- [restartedMain] JpaBaseConfiguration$JpaWebConfiguration : spring.jpa.open-in-view is enabled by default. Therefore, database queries may be performed during view rendering. Explicitly configure spring.jpa.open-in-view to disable this warning
2023-02-23 16:49:06.117  INFO 18036 --- [restartedMain] o.s.s.web.DefaultSecurityFilterChain     : Will secure any request with [org.springframework.security.web.session.DisableEncodeUrlFilter@59bcd662, org.springframework.security.web.context.request.async.WebAsyncManagerIntegrationFilter@426690b9, org.springframework.security.web.context.SecurityContextHolderFilter@5f05fdcf, org.springframework.security.web.header.HeaderWriterFilter@3a7b6bdf, org.springframework.security.web.csrf.CsrfFilter@4ba440cf, org.springframework.security.web.authentication.logout.LogoutFilter@6ecb154d, org.springframework.security.web.authentication.UsernamePasswordAuthenticationFilter@6f6bd7bf, org.springframework.security.web.savedrequest.RequestCacheAwareFilter@36ce6cd8, org.springframework.security.web.servletapi.SecurityContextHolderAwareRequestFilter@7f14c163, org.springframework.security.web.authentication.AnonymousAuthenticationFilter@360b3ee4, org.springframework.security.web.access.ExceptionTranslationFilter@625568da, org.springframework.security.web.access.intercept.AuthorizationFilter@7260df3e]
2023-02-23 16:49:06.166  INFO 18036 --- [restartedMain] o.s.b.a.w.s.WelcomePageHandlerMapping    : Adding welcome page template: index
2023-02-23 16:49:06.234  INFO 18036 --- [restartedMain] o.s.b.d.a.OptionalLiveReloadServer       : LiveReload server is running on port 35729
2023-02-23 16:49:06.244  INFO 18036 --- [restartedMain] o.s.b.w.embedded.tomcat.TomcatWebServer  : Tomcat started on port(s): 9696 (http) with context path ''
2023-02-23 16:49:06.247  INFO 18036 --- [restartedMain] com.mysite.sbb.SbbApplication            : Started SbbApplication in 3.912 seconds (process running for 5023.69)
2023-02-23 16:49:06.248  INFO 18036 --- [restartedMain] .ConditionEvaluationDeltaLoggingListener : Condition evaluation unchanged
2023-02-23 16:49:10.672  INFO 18036 --- [File Watcher] rtingClassPathChangeChangedEventListener : Restarting due to 1 class path change (0 additions, 0 deletions, 1 modification)
2023-02-23 16:49:10.691  INFO 18036 --- [Thread-54] o.apache.catalina.core.StandardService   : Stopping service [Tomcat]
2023-02-23 16:49:10.695  INFO 18036 --- [Thread-54] j.LocalContainerEntityManagerFactoryBean : Closing JPA EntityManagerFactory for persistence unit 'default'
2023-02-23 16:49:10.695  INFO 18036 --- [Thread-54] com.zaxxer.hikari.HikariDataSource       : HikariPool-8 - Shutdown initiated...
2023-02-23 16:49:10.717  INFO 18036 --- [Thread-54] com.zaxxer.hikari.HikariDataSource       : HikariPool-8 - Shutdown completed.
